<?xml version="1.0" encoding="UTF-8"?>
<testng-results ignored="0" total="13" passed="11" failed="1" skipped="1">
  <reporter-output>
  </reporter-output>
  <suite started-at="2025-02-12T09:26:18 IST" name="HybridTestngSuite" finished-at="2025-02-12T09:27:41 IST" duration-ms="82488">
    <groups>
    </groups>
    <test started-at="2025-02-12T09:26:18 IST" name="HybridtestngTestCases" finished-at="2025-02-12T09:27:41 IST" duration-ms="82488">
      <class name="com.amazon.qa.testcases.LoginTest">
        <test-method is-config="true" signature="setup()[pri:0, instance:com.amazon.qa.testcases.LoginTest@576d5deb]" started-at="2025-02-12T09:26:53 IST" name="setup" finished-at="2025-02-12T09:26:56 IST" duration-ms="3266" status="PASS">
          <reporter-output>
          </reporter-output>
        </test-method> <!-- setup -->
        <test-method signature="Verifyloginwithvalidcredentials(java.lang.String,java.lang.String)[pri:1, instance:com.amazon.qa.testcases.LoginTest@576d5deb]" started-at="2025-02-12T09:26:56 IST" name="Verifyloginwithvalidcredentials" data-provider="sup" finished-at="2025-02-12T09:26:58 IST" duration-ms="1546" status="PASS">
          <params>
            <param index="0">
              <value>
                <![CDATA[prasanthreddydodda@gmail.com]]>
              </value>
            </param>
            <param index="1">
              <value>
                <![CDATA[Prasanth@447]]>
              </value>
            </param>
          </params>
          <reporter-output>
          </reporter-output>
        </test-method> <!-- Verifyloginwithvalidcredentials -->
        <test-method is-config="true" signature="teardown()[pri:0, instance:com.amazon.qa.testcases.LoginTest@576d5deb]" started-at="2025-02-12T09:26:58 IST" name="teardown" finished-at="2025-02-12T09:26:58 IST" duration-ms="452" status="PASS">
          <reporter-output>
          </reporter-output>
        </test-method> <!-- teardown -->
        <test-method is-config="true" signature="setup()[pri:0, instance:com.amazon.qa.testcases.LoginTest@576d5deb]" started-at="2025-02-12T09:26:58 IST" name="setup" finished-at="2025-02-12T09:27:03 IST" duration-ms="4541" status="PASS">
          <reporter-output>
          </reporter-output>
        </test-method> <!-- setup -->
        <test-method signature="Verifyloginwithvalidcredentials(java.lang.String,java.lang.String)[pri:1, instance:com.amazon.qa.testcases.LoginTest@576d5deb]" started-at="2025-02-12T09:27:03 IST" name="Verifyloginwithvalidcredentials" data-provider="sup" finished-at="2025-02-12T09:27:05 IST" duration-ms="1961" status="PASS">
          <params>
            <param index="0">
              <value>
                <![CDATA[chandukesa9121@gmail.com]]>
              </value>
            </param>
            <param index="1">
              <value>
                <![CDATA[Prasanth@123]]>
              </value>
            </param>
          </params>
          <reporter-output>
          </reporter-output>
        </test-method> <!-- Verifyloginwithvalidcredentials -->
        <test-method is-config="true" signature="teardown()[pri:0, instance:com.amazon.qa.testcases.LoginTest@576d5deb]" started-at="2025-02-12T09:27:05 IST" name="teardown" finished-at="2025-02-12T09:27:05 IST" duration-ms="327" status="PASS">
          <reporter-output>
          </reporter-output>
        </test-method> <!-- teardown -->
        <test-method is-config="true" signature="setup()[pri:0, instance:com.amazon.qa.testcases.LoginTest@576d5deb]" started-at="2025-02-12T09:27:05 IST" name="setup" finished-at="2025-02-12T09:27:09 IST" duration-ms="3954" status="PASS">
          <reporter-output>
          </reporter-output>
        </test-method> <!-- setup -->
        <test-method signature="VerifyloginwithInvalidcredentials()[pri:2, instance:com.amazon.qa.testcases.LoginTest@576d5deb]" started-at="2025-02-12T09:27:09 IST" name="VerifyloginwithInvalidcredentials" finished-at="2025-02-12T09:27:11 IST" duration-ms="1358" status="PASS">
          <reporter-output>
          </reporter-output>
        </test-method> <!-- VerifyloginwithInvalidcredentials -->
        <test-method is-config="true" signature="teardown()[pri:0, instance:com.amazon.qa.testcases.LoginTest@576d5deb]" started-at="2025-02-12T09:27:11 IST" name="teardown" finished-at="2025-02-12T09:27:11 IST" duration-ms="379" status="PASS">
          <reporter-output>
          </reporter-output>
        </test-method> <!-- teardown -->
        <test-method is-config="true" signature="setup()[pri:0, instance:com.amazon.qa.testcases.LoginTest@576d5deb]" started-at="2025-02-12T09:27:11 IST" name="setup" finished-at="2025-02-12T09:27:15 IST" duration-ms="3710" status="PASS">
          <reporter-output>
          </reporter-output>
        </test-method> <!-- setup -->
        <test-method signature="VerifyloginwithInvalidemailandvalidpass()[pri:3, instance:com.amazon.qa.testcases.LoginTest@576d5deb]" started-at="2025-02-12T09:27:15 IST" name="VerifyloginwithInvalidemailandvalidpass" finished-at="2025-02-12T09:27:16 IST" duration-ms="1367" status="PASS">
          <reporter-output>
          </reporter-output>
        </test-method> <!-- VerifyloginwithInvalidemailandvalidpass -->
        <test-method is-config="true" signature="teardown()[pri:0, instance:com.amazon.qa.testcases.LoginTest@576d5deb]" started-at="2025-02-12T09:27:16 IST" name="teardown" finished-at="2025-02-12T09:27:16 IST" duration-ms="327" status="PASS">
          <reporter-output>
          </reporter-output>
        </test-method> <!-- teardown -->
        <test-method is-config="true" signature="setup()[pri:0, instance:com.amazon.qa.testcases.LoginTest@576d5deb]" started-at="2025-02-12T09:27:16 IST" name="setup" finished-at="2025-02-12T09:27:20 IST" duration-ms="3835" status="PASS">
          <reporter-output>
          </reporter-output>
        </test-method> <!-- setup -->
        <test-method signature="VerifyloginwithvalidemailandInvalidpass()[pri:4, instance:com.amazon.qa.testcases.LoginTest@576d5deb]" started-at="2025-02-12T09:27:20 IST" name="VerifyloginwithvalidemailandInvalidpass" finished-at="2025-02-12T09:27:21 IST" duration-ms="1016" status="PASS">
          <reporter-output>
          </reporter-output>
        </test-method> <!-- VerifyloginwithvalidemailandInvalidpass -->
        <test-method is-config="true" signature="teardown()[pri:0, instance:com.amazon.qa.testcases.LoginTest@576d5deb]" started-at="2025-02-12T09:27:21 IST" name="teardown" finished-at="2025-02-12T09:27:22 IST" duration-ms="371" status="PASS">
          <reporter-output>
          </reporter-output>
        </test-method> <!-- teardown -->
        <test-method is-config="true" signature="setup()[pri:0, instance:com.amazon.qa.testcases.LoginTest@576d5deb]" started-at="2025-02-12T09:27:22 IST" name="setup" finished-at="2025-02-12T09:27:30 IST" duration-ms="8413" status="PASS">
          <reporter-output>
          </reporter-output>
        </test-method> <!-- setup -->
        <test-method signature="Verifyloginwithnocrdentials()[pri:5, instance:com.amazon.qa.testcases.LoginTest@576d5deb]" started-at="2025-02-12T09:27:30 IST" name="Verifyloginwithnocrdentials" finished-at="2025-02-12T09:27:31 IST" duration-ms="830" status="PASS">
          <reporter-output>
          </reporter-output>
        </test-method> <!-- Verifyloginwithnocrdentials -->
        <test-method is-config="true" signature="teardown()[pri:0, instance:com.amazon.qa.testcases.LoginTest@576d5deb]" started-at="2025-02-12T09:27:31 IST" name="teardown" finished-at="2025-02-12T09:27:31 IST" duration-ms="429" status="PASS">
          <reporter-output>
          </reporter-output>
        </test-method> <!-- teardown -->
      </class> <!-- com.amazon.qa.testcases.LoginTest -->
      <class name="com.amazon.qa.testcases.RegisterTest">
        <test-method is-config="true" signature="setup()[pri:0, instance:com.amazon.qa.testcases.RegisterTest@957e06]" started-at="2025-02-12T09:26:19 IST" name="setup" finished-at="2025-02-12T09:26:29 IST" duration-ms="9992" status="PASS">
          <reporter-output>
          </reporter-output>
        </test-method> <!-- setup -->
        <test-method signature="verifyregisteringmandatoryfields()[pri:1, instance:com.amazon.qa.testcases.RegisterTest@957e06]" started-at="2025-02-12T09:26:29 IST" name="verifyregisteringmandatoryfields" finished-at="2025-02-12T09:26:32 IST" duration-ms="2774" status="PASS">
          <reporter-output>
          </reporter-output>
        </test-method> <!-- verifyregisteringmandatoryfields -->
        <test-method is-config="true" signature="TearDown()[pri:0, instance:com.amazon.qa.testcases.RegisterTest@957e06]" started-at="2025-02-12T09:26:32 IST" name="TearDown" finished-at="2025-02-12T09:26:32 IST" duration-ms="621" status="PASS">
          <reporter-output>
          </reporter-output>
        </test-method> <!-- TearDown -->
        <test-method is-config="true" signature="setup()[pri:0, instance:com.amazon.qa.testcases.RegisterTest@957e06]" started-at="2025-02-12T09:26:32 IST" name="setup" finished-at="2025-02-12T09:26:37 IST" duration-ms="4672" status="PASS">
          <reporter-output>
          </reporter-output>
        </test-method> <!-- setup -->
        <test-method signature="verifyregisteringwithallfields()[pri:2, instance:com.amazon.qa.testcases.RegisterTest@957e06]" started-at="2025-02-12T09:26:37 IST" name="verifyregisteringwithallfields" finished-at="2025-02-12T09:26:39 IST" duration-ms="2298" status="PASS">
          <reporter-output>
          </reporter-output>
        </test-method> <!-- verifyregisteringwithallfields -->
        <test-method is-config="true" signature="TearDown()[pri:0, instance:com.amazon.qa.testcases.RegisterTest@957e06]" started-at="2025-02-12T09:26:39 IST" name="TearDown" finished-at="2025-02-12T09:26:40 IST" duration-ms="355" status="PASS">
          <reporter-output>
          </reporter-output>
        </test-method> <!-- TearDown -->
        <test-method is-config="true" signature="setup()[pri:0, instance:com.amazon.qa.testcases.RegisterTest@957e06]" started-at="2025-02-12T09:26:40 IST" name="setup" finished-at="2025-02-12T09:26:44 IST" duration-ms="4317" status="PASS">
          <reporter-output>
          </reporter-output>
        </test-method> <!-- setup -->
        <test-method signature="verifyregisteringexistingemailid()[pri:3, instance:com.amazon.qa.testcases.RegisterTest@957e06]" started-at="2025-02-12T09:26:44 IST" name="verifyregisteringexistingemailid" finished-at="2025-02-12T09:26:46 IST" duration-ms="1636" status="PASS">
          <reporter-output>
          </reporter-output>
        </test-method> <!-- verifyregisteringexistingemailid -->
        <test-method is-config="true" signature="TearDown()[pri:0, instance:com.amazon.qa.testcases.RegisterTest@957e06]" started-at="2025-02-12T09:26:46 IST" name="TearDown" finished-at="2025-02-12T09:26:46 IST" duration-ms="367" status="PASS">
          <reporter-output>
          </reporter-output>
        </test-method> <!-- TearDown -->
        <test-method is-config="true" signature="setup()[pri:0, instance:com.amazon.qa.testcases.RegisterTest@957e06]" started-at="2025-02-12T09:26:46 IST" name="setup" finished-at="2025-02-12T09:26:50 IST" duration-ms="3909" status="PASS">
          <reporter-output>
          </reporter-output>
        </test-method> <!-- setup -->
        <test-method signature="verifyregesteringwithnofields()[pri:4, instance:com.amazon.qa.testcases.RegisterTest@957e06]" started-at="2025-02-12T09:26:50 IST" name="verifyregesteringwithnofields" finished-at="2025-02-12T09:26:51 IST" duration-ms="809" status="PASS">
          <reporter-output>
          </reporter-output>
        </test-method> <!-- verifyregesteringwithnofields -->
        <test-method is-config="true" signature="TearDown()[pri:0, instance:com.amazon.qa.testcases.RegisterTest@957e06]" started-at="2025-02-12T09:26:51 IST" name="TearDown" finished-at="2025-02-12T09:26:51 IST" duration-ms="577" status="PASS">
          <reporter-output>
          </reporter-output>
        </test-method> <!-- TearDown -->
      </class> <!-- com.amazon.qa.testcases.RegisterTest -->
      <class name="com.amazon.qa.testcases.SearchTest">
        <test-method is-config="true" signature="setup()[pri:0, instance:com.amazon.qa.testcases.SearchTest@70e9c95d]" started-at="2025-02-12T09:27:31 IST" name="setup" finished-at="2025-02-12T09:27:35 IST" duration-ms="3500" status="PASS">
          <reporter-output>
          </reporter-output>
        </test-method> <!-- setup -->
        <test-method signature="enterValidProduct()[pri:1, instance:com.amazon.qa.testcases.SearchTest@70e9c95d]" started-at="2025-02-12T09:27:35 IST" name="enterValidProduct" finished-at="2025-02-12T09:27:35 IST" duration-ms="557" status="PASS">
          <reporter-output>
          </reporter-output>
        </test-method> <!-- enterValidProduct -->
        <test-method is-config="true" signature="TearDown()[pri:0, instance:com.amazon.qa.testcases.SearchTest@70e9c95d]" started-at="2025-02-12T09:27:35 IST" name="TearDown" finished-at="2025-02-12T09:27:36 IST" duration-ms="356" status="PASS">
          <reporter-output>
          </reporter-output>
        </test-method> <!-- TearDown -->
        <test-method is-config="true" signature="setup()[pri:0, instance:com.amazon.qa.testcases.SearchTest@70e9c95d]" started-at="2025-02-12T09:27:36 IST" name="setup" finished-at="2025-02-12T09:27:39 IST" duration-ms="3667" status="PASS">
          <reporter-output>
          </reporter-output>
        </test-method> <!-- setup -->
        <test-method signature="enterINValidProduct()[pri:2, instance:com.amazon.qa.testcases.SearchTest@70e9c95d]" started-at="2025-02-12T09:27:39 IST" name="enterINValidProduct" finished-at="2025-02-12T09:27:39 IST" duration-ms="47" status="FAIL">
          <exception class="java.lang.IllegalArgumentException">
            <message>
              <![CDATA[Keys to send should be a not null CharSequence]]>
            </message>
            <full-stacktrace>
              <![CDATA[java.lang.IllegalArgumentException: Keys to send should be a not null CharSequence
at org.openqa.selenium.remote.RemoteWebElement.sendKeys(RemoteWebElement.java:96)
at java.base/jdk.internal.reflect.DirectMethodHandleAccessor.invoke(DirectMethodHandleAccessor.java:103)
at java.base/java.lang.reflect.Method.invoke(Method.java:580)
at org.openqa.selenium.support.pagefactory.internal.LocatingElementHandler.invoke(LocatingElementHandler.java:51)
at jdk.proxy2/jdk.proxy2.$Proxy15.sendKeys(Unknown Source)
at com.utilities.pagafactory.SearchPage.entersearchfiled(SearchPage.java:38)
at com.amazon.qa.testcases.SearchTest.enterINValidProduct(SearchTest.java:58)
at java.base/jdk.internal.reflect.DirectMethodHandleAccessor.invoke(DirectMethodHandleAccessor.java:103)
at java.base/java.lang.reflect.Method.invoke(Method.java:580)
at org.testng.internal.MethodInvocationHelper.invokeMethod(MethodInvocationHelper.java:133)
at org.testng.internal.TestInvoker.invokeMethod(TestInvoker.java:598)
at org.testng.internal.TestInvoker.invokeTestMethod(TestInvoker.java:173)
at org.testng.internal.MethodRunner.runInSequence(MethodRunner.java:46)
at org.testng.internal.TestInvoker$MethodInvocationAgent.invoke(TestInvoker.java:824)
at org.testng.internal.TestInvoker.invokeTestMethods(TestInvoker.java:146)
at org.testng.internal.TestMethodWorker.invokeTestMethods(TestMethodWorker.java:146)
at org.testng.internal.TestMethodWorker.run(TestMethodWorker.java:128)
at java.base/java.util.ArrayList.forEach(ArrayList.java:1596)
at org.testng.TestRunner.privateRun(TestRunner.java:794)
at org.testng.TestRunner.run(TestRunner.java:596)
at org.testng.SuiteRunner.runTest(SuiteRunner.java:377)
at org.testng.SuiteRunner.runSequentially(SuiteRunner.java:371)
at org.testng.SuiteRunner.privateRun(SuiteRunner.java:332)
at org.testng.SuiteRunner.run(SuiteRunner.java:276)
at org.testng.SuiteRunnerWorker.runSuite(SuiteRunnerWorker.java:53)
at org.testng.SuiteRunnerWorker.run(SuiteRunnerWorker.java:96)
at org.testng.TestNG.runSuitesSequentially(TestNG.java:1212)
at org.testng.TestNG.runSuitesLocally(TestNG.java:1134)
at org.testng.TestNG.runSuites(TestNG.java:1063)
at org.testng.TestNG.run(TestNG.java:1031)
at org.testng.remote.AbstractRemoteTestNG.run(AbstractRemoteTestNG.java:115)
at org.testng.remote.RemoteTestNG.initAndRun(RemoteTestNG.java:293)
at org.testng.remote.RemoteTestNG.main(RemoteTestNG.java:91)
]]>
            </full-stacktrace>
          </exception> <!-- java.lang.IllegalArgumentException -->
          <reporter-output>
          </reporter-output>
        </test-method> <!-- enterINValidProduct -->
        <test-method is-config="true" signature="TearDown()[pri:0, instance:com.amazon.qa.testcases.SearchTest@70e9c95d]" started-at="2025-02-12T09:27:41 IST" name="TearDown" finished-at="2025-02-12T09:27:41 IST" duration-ms="407" status="PASS">
          <reporter-output>
          </reporter-output>
        </test-method> <!-- TearDown -->
        <test-method signature="searchwithoutProduct()[pri:3, instance:com.amazon.qa.testcases.SearchTest@70e9c95d]" started-at="2025-02-12T09:27:41 IST" name="searchwithoutProduct" finished-at="2025-02-12T09:27:41 IST" depends-on-methods="com.amazon.qa.testcases.SearchTest.enterINValidProduct, com.amazon.qa.testcases.SearchTest.enterValidProduct" duration-ms="0" status="SKIP">
          <exception class="java.lang.Throwable">
            <message>
              <![CDATA[Method SearchTest.searchwithoutProduct()[pri:3, instance:com.amazon.qa.testcases.SearchTest@70e9c95d] depends on not successfully finished methods]]>
            </message>
            <full-stacktrace>
              <![CDATA[java.lang.Throwable: Method SearchTest.searchwithoutProduct()[pri:3, instance:com.amazon.qa.testcases.SearchTest@70e9c95d] depends on not successfully finished methods
at org.testng.internal.TestInvoker.invokeTestMethods(TestInvoker.java:102)
at org.testng.internal.TestMethodWorker.invokeTestMethods(TestMethodWorker.java:146)
at org.testng.internal.TestMethodWorker.run(TestMethodWorker.java:128)
at java.base/java.util.ArrayList.forEach(ArrayList.java:1596)
at org.testng.TestRunner.privateRun(TestRunner.java:794)
at org.testng.TestRunner.run(TestRunner.java:596)
at org.testng.SuiteRunner.runTest(SuiteRunner.java:377)
at org.testng.SuiteRunner.runSequentially(SuiteRunner.java:371)
at org.testng.SuiteRunner.privateRun(SuiteRunner.java:332)
at org.testng.SuiteRunner.run(SuiteRunner.java:276)
at org.testng.SuiteRunnerWorker.runSuite(SuiteRunnerWorker.java:53)
at org.testng.SuiteRunnerWorker.run(SuiteRunnerWorker.java:96)
at org.testng.TestNG.runSuitesSequentially(TestNG.java:1212)
at org.testng.TestNG.runSuitesLocally(TestNG.java:1134)
at org.testng.TestNG.runSuites(TestNG.java:1063)
at org.testng.TestNG.run(TestNG.java:1031)
at org.testng.remote.AbstractRemoteTestNG.run(AbstractRemoteTestNG.java:115)
at org.testng.remote.RemoteTestNG.initAndRun(RemoteTestNG.java:293)
at org.testng.remote.RemoteTestNG.main(RemoteTestNG.java:91)
]]>
            </full-stacktrace>
          </exception> <!-- java.lang.Throwable -->
          <reporter-output>
          </reporter-output>
        </test-method> <!-- searchwithoutProduct -->
      </class> <!-- com.amazon.qa.testcases.SearchTest -->
    </test> <!-- HybridtestngTestCases -->
  </suite> <!-- HybridTestngSuite -->
</testng-results>
